rubyinstaller-devkit-3.0.2-1-x64.exe


<Next> Select Components

<Next> Installing C:\Ruby30-x64

<Finish> Run 'ridk install' to set up MSYS2 and development toolchain.
MSYS2 is required to install gems with C extensions.

<1,3>

 _____       _           _____           _        _ _         ___
|  __ \     | |         |_   _|         | |      | | |       |__ \
| |__) |   _| |__  _   _  | |  _ __  ___| |_ __ _| | | ___ _ __ ) |
|  _  / | | | '_ \| | | | | | | '_ \/ __| __/ _` | | |/ _ \ '__/ /
| | \ \ |_| | |_) | |_| |_| |_| | | \__ \ || (_| | | |  __/ | / /_
|_|  \_\__,_|_.__/ \__, |_____|_| |_|___/\__\__,_|_|_|\___|_||____|
                    __/ |           _
                   |___/          _|_ _  __   | | o __  _| _     _
                                   | (_) |    |^| | | |(_|(_)\^/_>

   1 - MSYS2 base installation
   2 - MSYS2 system update (optional)
   3 - MSYS2 and MINGW development toolchain

Which components shall be installed? If unsure press ENTER [1,3] 1,3

> sh -lc true
mkdir: cannot change permissions of `/dev/shm': Permission denied
mkdir: cannot change permissions of `/dev/mqueue': Permission denied
'C:\WINDOWS\system32\drivers\etc\hosts' -> '/etc/hosts'
'C:\WINDOWS\system32\drivers\etc\protocol' -> '/etc/protocols'
'C:\WINDOWS\system32\drivers\etc\services' -> '/etc/services'
'C:\WINDOWS\system32\drivers\etc\networks' -> '/etc/networks'
gpg: /etc/pacman.d/gnupg/trustdb.gpg: trustdb created
gpg: no ultimately trusted keys found
gpg: starting migration from earlier GnuPG versions
gpg: porting secret keys from '/etc/pacman.d/gnupg/secring.gpg' to gpg-agent
gpg: migration succeeded
==> Generating pacman master key. This may take some time.
gpg: Generating pacman keyring master key...
gpg: key E2DC8758E501C30A marked as ultimately trusted
gpg: directory '/etc/pacman.d/gnupg/openpgp-revocs.d' created
gpg: revocation certificate stored as '/etc/pacman.d/gnupg/openpgp-revocs.d/308BC2AB44D06DB6F8E7AA8CE2DC8758E501C30A.rev'
gpg: Done
==> Updating trust database...
gpg: marginals needed: 3  completes needed: 1  trust model: pgp
gpg: depth: 0  valid:   1  signed:   0  trust: 0-, 0q, 0n, 0m, 0f, 1u
==> Appending keys from msys2.gpg...
==> Locally signing trusted keys in keyring...
gpg: checking the trustdb
gpg: marginals needed: 3  completes needed: 1  trust model: pgp
gpg: depth: 0  valid:   1  signed:   1  trust: 0-, 0q, 0n, 0m, 0f, 1u
gpg: depth: 1  valid:   1  signed:   6  trust: 1-, 0q, 0n, 0m, 0f, 0u
gpg: checking the trustdb
gpg: marginals needed: 3  completes needed: 1  trust model: pgp
gpg: depth: 0  valid:   1  signed:   2  trust: 0-, 0q, 0n, 0m, 0f, 1u
gpg: depth: 1  valid:   2  signed:   6  trust: 2-, 0q, 0n, 0m, 0f, 0u
gpg: checking the trustdb
gpg: marginals needed: 3  completes needed: 1  trust model: pgp
gpg: depth: 0  valid:   1  signed:   3  trust: 0-, 0q, 0n, 0m, 0f, 1u
gpg: depth: 1  valid:   3  signed:   8  trust: 3-, 0q, 0n, 0m, 0f, 0u
gpg: next trustdb check due at 2022-01-23
gpg: checking the trustdb
gpg: marginals needed: 3  completes needed: 1  trust model: pgp
gpg: depth: 0  valid:   1  signed:   4  trust: 0-, 0q, 0n, 0m, 0f, 1u
gpg: depth: 1  valid:   4  signed:   8  trust: 4-, 0q, 0n, 0m, 0f, 0u
gpg: next trustdb check due at 2022-01-23
gpg: checking the trustdb
gpg: marginals needed: 3  completes needed: 1  trust model: pgp
gpg: depth: 0  valid:   1  signed:   5  trust: 0-, 0q, 0n, 0m, 0f, 1u
gpg: depth: 1  valid:   5  signed:   7  trust: 5-, 0q, 0n, 0m, 0f, 0u
gpg: next trustdb check due at 2022-01-23
  -> Locally signed 6 keys.
==> Importing owner trust values...
gpg: setting ownertrust to 4
gpg: setting ownertrust to 4
gpg: setting ownertrust to 4
gpg: setting ownertrust to 4
gpg: setting ownertrust to 4
gpg: setting ownertrust to 4
==> Disabling revoked keys in keyring...
gpg: checking the trustdb
gpg: marginals needed: 3  completes needed: 1  trust model: pgp
gpg: depth: 0  valid:   1  signed:   6  trust: 0-, 0q, 0n, 0m, 0f, 1u
gpg: depth: 1  valid:   6  signed:   6  trust: 0-, 0q, 0n, 6m, 0f, 0u
gpg: depth: 2  valid:   6  signed:   0  trust: 6-, 0q, 0n, 0m, 0f, 0u
gpg: next trustdb check due at 2022-01-23
  -> Disabled 1 keys.
==> Updating trust database...
gpg: marginals needed: 3  completes needed: 1  trust model: pgp
gpg: depth: 0  valid:   1  signed:   6  trust: 0-, 0q, 0n, 0m, 0f, 1u
gpg: depth: 1  valid:   6  signed:   6  trust: 0-, 0q, 0n, 6m, 0f, 0u
gpg: depth: 2  valid:   6  signed:   0  trust: 6-, 0q, 0n, 0m, 0f, 0u
gpg: next trustdb check due at 2022-01-23
gpg: error retrieving 'alexey.pawlow@gmail.com' via WKD: No data
gpg: error reading key: No data
gpg: refreshing 1 key from hkps://keyserver.ubuntu.com
gpg: key F40D263ECA25678A: "Alexey Pavlov (Alexpux) <alexey.pawlow@gmail.com>" not changed
gpg: Total number processed: 1
gpg:              unchanged: 1
gpg: error retrieving 'david.macek.0@gmail.com' via WKD: No data
gpg: error reading key: No data
gpg: refreshing 1 key from hkps://keyserver.ubuntu.com
gpg: key 790AE56A1D3CFDDC: "David Macek (MSYS2 master key) <david.macek.0@gmail.com>" not changed
gpg: Total number processed: 1
gpg:              unchanged: 1
gpg: error retrieving 'martellmalone@gmail.com' via WKD: No data
gpg: error reading key: No data
gpg: refreshing 1 key from hkps://keyserver.ubuntu.com
gpg: key DA7EF2ABAEEA755C: "Martell Malone (martell) <martellmalone@gmail.com>" not changed
gpg: Total number processed: 1
gpg:              unchanged: 1
gpg: error retrieving 'mingw.android@gmail.com' via WKD: No data
gpg: error reading key: No data
gpg: refreshing 1 key from hkps://keyserver.ubuntu.com
gpg: key BBE514E53E0D0813: "Ray Donnelly (MSYS2 Developer - master key) <mingw.android@gmail.com>" not changed
gpg: Total number processed: 1
gpg:              unchanged: 1
gpg: error retrieving 'reiter.christoph@gmail.com' via WKD: No data
gpg: error reading key: No data
gpg: refreshing 1 key from hkps://keyserver.ubuntu.com
gpg: key 755B8182ACD22879: "Christoph Reiter (MSYS2 master key) <reiter.christoph@gmail.com>" not changed
gpg: Total number processed: 1
gpg:              unchanged: 1
gpg: error retrieving 'icquinteiro@gmail.com' via WKD: No data
gpg: error reading key: No data
gpg: refreshing 1 key from hkps://keyserver.ubuntu.com
gpg: key 9F418C233E652008: "Ignacio Casal Quinteiro <icquinteiro@gmail.com>" not changed
gpg: Total number processed: 1
gpg:              unchanged: 1
gpg: error retrieving 'alexpux@gmail.com' via WKD: No data
gpg: error reading key: No data
gpg: refreshing 1 key from hkps://keyserver.ubuntu.com
gpg: key 5F92EFC1A47D45A1: "Alexey Pavlov (Alexpux) <alexpux@gmail.com>" not changed
gpg: Total number processed: 1
gpg:              unchanged: 1
gpg: error retrieving 'david.macek.0@gmail.com' via WKD: No data
gpg: error reading key: No data
gpg: refreshing 1 key from hkps://keyserver.ubuntu.com
gpg: key 974C8BE49078F532: "David Macek <david.macek.0@gmail.com>" 3 new signatures
gpg: key 974C8BE49078F532: "David Macek <david.macek.0@gmail.com>" 1 signature cleaned
gpg: Total number processed: 1
gpg:         new signatures: 3
gpg:     signatures cleaned: 1
gpg: marginals needed: 3  completes needed: 1  trust model: pgp
gpg: depth: 0  valid:   1  signed:   6  trust: 0-, 0q, 0n, 0m, 0f, 1u
gpg: depth: 1  valid:   6  signed:   6  trust: 0-, 0q, 0n, 6m, 0f, 0u
gpg: depth: 2  valid:   6  signed:   0  trust: 6-, 0q, 0n, 0m, 0f, 0u
gpg: next trustdb check due at 2022-03-03
gpg: error retrieving 'martellmalone@gmail.com' via WKD: No data
gpg: error reading key: No data
gpg: refreshing 1 key from hkps://keyserver.ubuntu.com
gpg: key D595C9AB2C51581E: "Martell Malone (MSYS2 Developer) <martellmalone@gmail.com>" not changed
gpg: Total number processed: 1
gpg:              unchanged: 1
gpg: error retrieving 'mingw.android@gmail.com' via WKD: No data
gpg: error reading key: No data
gpg: refreshing 1 key from hkps://keyserver.ubuntu.com
gpg: key 4DF3B7664CA56930: "Ray Donnelly (MSYS2 Developer) <mingw.android@gmail.com>" not changed
gpg: Total number processed: 1
gpg:              unchanged: 1
gpg: error retrieving 'reiter.christoph@gmail.com' via WKD: No data
gpg: error reading key: No data
gpg: refreshing 1 key from hkps://keyserver.ubuntu.com
gpg: key FA11531AA0AA7F57: "Christoph Reiter (MSYS2 development key) <reiter.christoph@gmail.com>" not changed
gpg: Total number processed: 1
gpg:              unchanged: 1
gpg: error retrieving 'me@martellmalone.com' via WKD: No name
gpg: error reading key: No name
gpg: refreshing 1 key from hkps://keyserver.ubuntu.com
gpg: key 794DCF97F93FC717: "Martell Malone (martell) <me@martellmalone.com>" not changed
gpg: Total number processed: 1
gpg:              unchanged: 1



###################################################################
#                                                                 #
#                                                                 #
#                   C   A   U   T   I   O   N                     #
#                                                                 #
#                  This is first start of MSYS2.                  #
#       You MUST restart shell to apply necessary actions.        #
#                                                                 #
#                                                                 #
###################################################################


MSYS2 seems to be properly installed
Install MSYS2 and MINGW development toolchain ...
> pacman -S --needed --noconfirm autoconf autogen automake-wrapper diffutils file gawk grep libtool m4 make patch sed texinfo texinfo-tex wget mingw-w64-x86_64-binutils mingw-w64-x
86_64-crt-git mingw-w64-x86_64-gcc mingw-w64-x86_64-gcc-libs mingw-w64-x86_64-headers-git mingw-w64-x86_64-libmangle-git mingw-w64-x86_64-libwinpthread-git mingw-w64-x86_64-make mi
ngw-w64-x86_64-tools-git mingw-w64-x86_64-winpthreads-git pkgconf mingw-w64-x86_64-pkgconf
warning: autoconf-2.71-1 is up to date -- skipping
warning: autogen-5.18.16-1 is up to date -- skipping
warning: automake-wrapper-11-1 is up to date -- skipping
warning: diffutils-3.7-1 is up to date -- skipping
warning: file-5.40-2 is up to date -- skipping
warning: gawk-5.1.0-1 is up to date -- skipping
warning: grep-3.0-2 is up to date -- skipping
warning: libtool-2.4.6-11 is up to date -- skipping
warning: m4-1.4.19-1 is up to date -- skipping
warning: make-4.3-1 is up to date -- skipping
warning: patch-2.7.6-1 is up to date -- skipping
warning: sed-4.8-1 is up to date -- skipping
warning: texinfo-6.8-1 is up to date -- skipping
warning: texinfo-tex-6.8-1 is up to date -- skipping
warning: wget-1.21.1-2 is up to date -- skipping
warning: mingw-w64-x86_64-binutils-2.36.1-3 is up to date -- skipping
warning: mingw-w64-x86_64-crt-git-9.0.0.6246.ae63cde27-1 is up to date -- skipping
warning: mingw-w64-x86_64-gcc-10.3.0-5 is up to date -- skipping
warning: mingw-w64-x86_64-gcc-libs-10.3.0-5 is up to date -- skipping
warning: mingw-w64-x86_64-headers-git-9.0.0.6246.ae63cde27-1 is up to date -- skipping
warning: mingw-w64-x86_64-libmangle-git-9.0.0.6246.ae63cde27-1 is up to date -- skipping
warning: mingw-w64-x86_64-libwinpthread-git-9.0.0.6246.ae63cde27-1 is up to date -- skipping
warning: mingw-w64-x86_64-make-4.3-1 is up to date -- skipping
warning: mingw-w64-x86_64-tools-git-9.0.0.6246.ae63cde27-1 is up to date -- skipping
warning: mingw-w64-x86_64-winpthreads-git-9.0.0.6246.ae63cde27-1 is up to date -- skipping
warning: pkgconf-1.7.4-1 is up to date -- skipping
warning: mingw-w64-x86_64-pkgconf-1.7.4-2 is up to date -- skipping
 there is nothing to do
Install MSYS2 and MINGW development toolchain succeeded

   1 - MSYS2 base installation
   2 - MSYS2 system update (optional)
   3 - MSYS2 and MINGW development toolchain

Which components shall be installed? If unsure press ENTER []

<ENTER>


$ Git Bash

export PATH=$PATH:"/C/Ruby30-x64/bin/"

ruby --version

gem --version

gem update --system

gem --version

bundler.cmd --version

bundle.cmd --version

gem install bundler

bundler --version

bundle --version

rake --version

gem install rails

rails --version

export PATH=$PATH:"/C/Users/Rajani/Downloads/Node.js/node-v16.13.0-win-x64/"

node --version

npm --version

npm install --global yarn

yarn --version

yarn install --check-files

cd "C:\Users\Rajani\Downloads\Ruby\Ruby"

rails new hello_app

[
rm -rf hello_app
]

cd hello_app/

bundle install

rails server

http://[::1]:3000

http://127.0.0.1:3000

http://localhost:3000

https://localhost:3000

Ctrl-C

[
$ rails server
=> Booting Puma
=> Rails 6.1.4.1 application starting in development
=> Run `bin/rails server --help` for more startup options
*** SIGUSR2 not implemented, signal based restart unavailable!
*** SIGUSR1 not implemented, signal based restart unavailable!
*** SIGHUP not implemented, signal based logs reopening unavailable!
Puma starting in single mode...
* Puma version: 5.5.2 (ruby 3.0.2-p107) ("Zawgyi")
*  Min threads: 5
*  Max threads: 5
*  Environment: development
*          PID: 5724
* Listening on http://[::1]:3000
* Listening on http://127.0.0.1:3000
Use Ctrl-C to stop
Started GET "/" for ::1 at 2021-11-14 18:38:01 +0530
   (5.9ms)  SELECT sqlite_version(*)
Processing by Rails::WelcomeController#index as HTML
  Rendering C:/Ruby30-x64/lib/ruby/gems/3.0.0/gems/railties-6.1.4.1/lib/rails/templates/rails/welcome/index.html.erb
  Rendered C:/Ruby30-x64/lib/ruby/gems/3.0.0/gems/railties-6.1.4.1/lib/rails/templates/rails/welcome/index.html.erb (Duration: 12.8ms | Allocations: 618)
Completed 200 OK in 74ms (Views: 31.4ms | ActiveRecord: 0.0ms | Allocations: 4983)


Started GET "/" for 127.0.0.1 at 2021-11-14 18:38:07 +0530
Processing by Rails::WelcomeController#index as HTML
  Rendering C:/Ruby30-x64/lib/ruby/gems/3.0.0/gems/railties-6.1.4.1/lib/rails/templates/rails/welcome/index.html.erb
  Rendered C:/Ruby30-x64/lib/ruby/gems/3.0.0/gems/railties-6.1.4.1/lib/rails/templates/rails/welcome/index.html.erb (Duration: 8.1ms | Allocations: 262)
Completed 200 OK in 14ms (Views: 9.7ms | ActiveRecord: 0.0ms | Allocations: 1179)


Started GET "/" for ::1 at 2021-11-14 18:38:16 +0530
Processing by Rails::WelcomeController#index as HTML
  Rendering C:/Ruby30-x64/lib/ruby/gems/3.0.0/gems/railties-6.1.4.1/lib/rails/templates/rails/welcome/index.html.erb
  Rendered C:/Ruby30-x64/lib/ruby/gems/3.0.0/gems/railties-6.1.4.1/lib/rails/templates/rails/welcome/index.html.erb (Duration: 0.5ms | Allocations: 47)
Completed 200 OK in 3ms (Views: 1.5ms | ActiveRecord: 0.0ms | Allocations: 472)


2021-11-14 18:38:26 +0530 HTTP parse error, malformed request: #<Puma::HttpParserError: Invalid HTTP format, parsing fails. Are you trying to open an SSL connection to a non-SSL Puma?>
2021-11-14 18:38:26 +0530 HTTP parse error, malformed request: #<Puma::HttpParserError: Invalid HTTP format, parsing fails. Are you trying to open an SSL connection to a non-SSL Puma?>
- Gracefully stopping, waiting for requests to finish
=== puma shutdown: 2021-11-14 18:38:34 +0530 ===
- Goodbye!
Exiting
]


hello_app/config/environments/development.rb

  # Uncomment if you wish to allow Action Cable access from any origin.
  
  # config.action_cable.disable_request_forgery_protection = true
  
  

  # https
  
  config.force_ssl = true

end


Delete
[
development.rb.bak
]


[
https://github.com/puma/puma/issues/971
]

ruby -rpuma -e "puts Puma.ssl?"

ridk.cmd exec pacman -S mingw-w64-x86_64-openssl

<Y>

gem uninstall puma

gem install puma

gem which puma

ruby -rpuma -e "puts Puma.ssl?"

openssl req -x509 -sha256 -nodes -newkey rsa:2048 -days 365 -keyout localhost.key -out localhost.crt

<Skip all the question prompts>

rails s -b 'ssl://localhost:3000?key=localhost.key&cert=localhost.crt'



# Git Bash


Rajani@Samsung MINGW64 ~
$ export PATH=$PATH:"/C/Ruby30-x64/bin/"

Rajani@Samsung MINGW64 ~
$ ruby --version
ruby 3.0.2p107 (2021-07-07 revision 0db68f0233) [x64-mingw32]

Rajani@Samsung MINGW64 ~
$ gem --version
3.2.22

Rajani@Samsung MINGW64 ~
$ gem update --system
Updating rubygems-update
Successfully installed rubygems-update-3.2.31
Parsing documentation for rubygems-update-3.2.31
Installing ri documentation for rubygems-update-3.2.31
Installing darkfish documentation for rubygems-update-3.2.31
Couldn't find file to include '../doc/optparse/creates_option.rdoc' from lib/rubygems/optparse/lib/optparse.rb
Couldn't find file to include '../doc/optparse/creates_option.rdoc' from lib/rubygems/optparse/lib/optparse.rb
Couldn't find file to include '../doc/optparse/creates_option.rdoc' from lib/rubygems/optparse/lib/optparse.rb
Couldn't find file to include '../doc/optparse/creates_option.rdoc' from lib/rubygems/optparse/lib/optparse.rb
Couldn't find file to include '../doc/optparse/creates_option.rdoc' from lib/rubygems/optparse/lib/optparse.rb
Couldn't find file to include '../doc/optparse/creates_option.rdoc' from lib/rubygems/optparse/lib/optparse.rb
Couldn't find file to include '../doc/optparse/creates_option.rdoc' from lib/rubygems/optparse/lib/optparse.rb
Couldn't find file to include '../../doc/optparse/creates_option.rdoc' from lib/rubygems/optparse/lib/optparse/kwargs.rb
  Successfully built RubyGem
  Name: bundler
  Version: 2.2.31
  File: bundler-2.2.31.gem
Bundler 2.2.31 installed
RubyGems 3.2.31 installed
Regenerating binstubs
Regenerating plugins
Parsing documentation for rubygems-3.2.31
Installing ri documentation for rubygems-3.2.31

# 3.2.31 / 2021-11-08

## Enhancements:

* Don't pass empty `DESTDIR` to `nmake` since it works differently from
  standard `make`. Pull request #5057 by hsbt
* Fix `gem install` vs `gem fetch` inconsistency. Pull request #5037 by
  deivid-rodriguez
* Lazily load and vendor `optparse`. Pull request #4881 by
  deivid-rodriguez
* Use a vendored copy of `tsort` internally. Pull request #5027 by
  deivid-rodriguez

## Bug fixes:

* Fix `ruby setup.rb` when `--prefix` is passed. Pull request #5051 by
  deivid-rodriguez
* Don't apply `--destdir` twice when running `setup.rb`. Pull request
  #2768 by alyssais

# 3.2.30 / 2021-10-26

## Enhancements:

* Add support to build and sign certificates with multiple key algorithms.
  Pull request #4991 by doodzik
* Avoid loading the `digest` gem unnecessarily. Pull request #4979 by
  deivid-rodriguez
* Prefer `require_relative` for all internal requires. Pull request #4978
  by deivid-rodriguez
* Add missing `require` of `time` within
  `Gem::Request.verify_certificate_message`. Pull request #4975 by nobu

## Performance:

* Speed up `gem install`, specially under Windows. Pull request #4960 by
  deivid-rodriguez

# 3.2.29 / 2021-10-08

## Enhancements:

* Only disallow FIXME/TODO for first word of gemspec description. Pull
  request #4937 by duckinator

## Bug fixes:

* Fix `wordy` method in `SourceFetchProblem` changing the password of
  source. Pull request #4910 by Huangxiaodui

## Performance:

* Improve `require` performance, particularly on systems with a lot of
  gems installed. Pull request #4951 by pocke

# 3.2.28 / 2021-09-23

## Enhancements:

* Support MINGW-UCRT. Pull request #4925 by hsbt
* Only check if descriptions *start with* FIXME/TODO. Pull request #4841
  by duckinator
* Avoid loading `uri` unnecessarily when activating gems. Pull request
  #4897 by deivid-rodriguez

## Bug fixes:

* Fix redacted credentials being sent to gemserver. Pull request #4919 by
  jdliss

# 3.2.27 / 2021-09-03

## Enhancements:

* Redact credentails when printing URI. Pull request #4868 by intuxicated
* Prefer `require_relative` to `require` for internal requires. Pull
  request #4858 by deivid-rodriguez
* Prioritise gems with higher version for fetching metadata, and stop
  fetching once we find a valid candidate. Pull request #4843 by intuxicated

# 3.2.26 / 2021-08-17

## Enhancements:

* Enhance the error handling for loading the
  `rubygems/defaults/operating_system` file. Pull request #4824 by
  intuxicated
* Ignore `RUBYGEMS_GEMDEPS` for the bundler gem. Pull request #4532 by
  deivid-rodriguez

## Bug fixes:

* Also load user installed rubygems plugins. Pull request #4829 by
  deivid-rodriguez

# 3.2.25 / 2021-07-30

## Enhancements:

* Don't load the `base64` library since it's not used. Pull request #4785
  by deivid-rodriguez
* Don't load the `resolv` library since it's not used. Pull request #4784
  by deivid-rodriguez
* Lazily load `shellwords` library. Pull request #4783 by deivid-rodriguez
* Check requirements class before loading marshalled requirements. Pull
  request #4651 by nobu

## Bug fixes:

* Add missing `require 'fileutils'` in `Gem::ConfigFile`. Pull request
  #4768 by ybiquitous

# 3.2.24 / 2021-07-15

## Bug fixes:

* Fix contradictory message about deletion of default gem. Pull request
  #4739 by jaredbeck

## Documentation:

* Add a description about `GEM_HOST_OTP_CODE` to help text. Pull request
  #4742 by ybiquitous

# 3.2.23 / 2021-07-09

## Enhancements:

* Rewind IO source to allow working with contents in memory. Pull request
  #4729 by drcapulet


------------------------------------------------------------------------------

RubyGems installed the following executables:
        C:/Ruby30-x64/bin/gem
        C:/Ruby30-x64/bin/bundle
        C:/Ruby30-x64/bin/bundler

Ruby Interactive (ri) documentation was installed. ri is kind of like man
pages for Ruby libraries. You may access it like this:
  ri Classname
  ri Classname.class_method
  ri Classname#instance_method
If you do not wish to install this documentation in the future, use the
--no-document flag, or set it as the default in your ~/.gemrc file. See
'gem help env' for details.

Done installing documentation for rubygems-update after 269 seconds
Parsing documentation for rubygems-update-3.2.31
Done installing documentation for rubygems-update after 0 seconds
Installing RubyGems 3.2.31
RubyGems system software updated

Rajani@Samsung MINGW64 ~
$ gem --version
3.2.31

Rajani@Samsung MINGW64 ~
$ bundler.cmd --version
Bundler version 2.2.31

Rajani@Samsung MINGW64 ~
$ bundle.cmd --version
Bundler version 2.2.31

Rajani@Samsung MINGW64 ~
$ gem install bundler
Successfully installed bundler-2.2.31
Parsing documentation for bundler-2.2.31
Installing ri documentation for bundler-2.2.31
Done installing documentation for bundler after 9 seconds
1 gem installed

Rajani@Samsung MINGW64 ~
$ bundler --version
Bundler version 2.2.31

Rajani@Samsung MINGW64 ~
$ bundle --version
Bundler version 2.2.31

Rajani@Samsung MINGW64 ~
$ rake --version
rake, version 13.0.3

Rajani@Samsung MINGW64 ~
$ gem install rails
Successfully installed rack-2.2.3
Successfully installed concurrent-ruby-1.1.9
Successfully installed sprockets-4.0.2
Successfully installed zeitwerk-2.5.1
Successfully installed tzinfo-2.0.4
Successfully installed i18n-1.8.11
Successfully installed activesupport-6.1.4.1
Successfully installed nokogiri-1.12.5-x64-mingw32
Successfully installed crass-1.0.6
Successfully installed loofah-2.12.0
Successfully installed rails-html-sanitizer-1.4.2
Successfully installed rails-dom-testing-2.0.3
Successfully installed rack-test-1.1.0
Successfully installed erubi-1.10.0
Successfully installed builder-3.2.4
Successfully installed actionview-6.1.4.1
Successfully installed actionpack-6.1.4.1
Successfully installed sprockets-rails-3.3.0
Successfully installed thor-1.1.0
Successfully installed method_source-1.0.0
Successfully installed railties-6.1.4.1
Successfully installed mini_mime-1.1.2
Successfully installed marcel-1.0.2
Successfully installed activemodel-6.1.4.1
Successfully installed activerecord-6.1.4.1
Successfully installed globalid-0.5.2
Successfully installed activejob-6.1.4.1
Successfully installed activestorage-6.1.4.1
Successfully installed actiontext-6.1.4.1
Successfully installed mail-2.7.1
Successfully installed actionmailer-6.1.4.1
Successfully installed actionmailbox-6.1.4.1
Successfully installed websocket-extensions-0.1.5
Temporarily enhancing PATH for MSYS/MINGW...
Building native extensions. This could take a while...
Successfully installed websocket-driver-0.7.5
Building native extensions. This could take a while...
Successfully installed nio4r-2.5.8
Successfully installed actioncable-6.1.4.1
Successfully installed rails-6.1.4.1
Parsing documentation for rack-2.2.3
Installing ri documentation for rack-2.2.3
Parsing documentation for concurrent-ruby-1.1.9
Installing ri documentation for concurrent-ruby-1.1.9
Parsing documentation for sprockets-4.0.2
Installing ri documentation for sprockets-4.0.2
Parsing documentation for zeitwerk-2.5.1
Installing ri documentation for zeitwerk-2.5.1
Parsing documentation for tzinfo-2.0.4
Installing ri documentation for tzinfo-2.0.4
Parsing documentation for i18n-1.8.11
Installing ri documentation for i18n-1.8.11
Parsing documentation for activesupport-6.1.4.1
Installing ri documentation for activesupport-6.1.4.1
Parsing documentation for nokogiri-1.12.5-x64-mingw32
Installing ri documentation for nokogiri-1.12.5-x64-mingw32
Parsing documentation for crass-1.0.6
Installing ri documentation for crass-1.0.6
Parsing documentation for loofah-2.12.0
Installing ri documentation for loofah-2.12.0
Parsing documentation for rails-html-sanitizer-1.4.2
Installing ri documentation for rails-html-sanitizer-1.4.2
Parsing documentation for rails-dom-testing-2.0.3
Installing ri documentation for rails-dom-testing-2.0.3
Parsing documentation for rack-test-1.1.0
Installing ri documentation for rack-test-1.1.0
Parsing documentation for erubi-1.10.0
Installing ri documentation for erubi-1.10.0
Parsing documentation for builder-3.2.4
Installing ri documentation for builder-3.2.4
Parsing documentation for actionview-6.1.4.1
Installing ri documentation for actionview-6.1.4.1
Parsing documentation for actionpack-6.1.4.1
Installing ri documentation for actionpack-6.1.4.1
Parsing documentation for sprockets-rails-3.3.0
Installing ri documentation for sprockets-rails-3.3.0
Parsing documentation for thor-1.1.0
Installing ri documentation for thor-1.1.0
Parsing documentation for method_source-1.0.0
Installing ri documentation for method_source-1.0.0
Parsing documentation for railties-6.1.4.1
Installing ri documentation for railties-6.1.4.1
Parsing documentation for mini_mime-1.1.2
Installing ri documentation for mini_mime-1.1.2
Parsing documentation for marcel-1.0.2
Installing ri documentation for marcel-1.0.2
Parsing documentation for activemodel-6.1.4.1
Installing ri documentation for activemodel-6.1.4.1
Parsing documentation for activerecord-6.1.4.1
Installing ri documentation for activerecord-6.1.4.1
Parsing documentation for globalid-0.5.2
Installing ri documentation for globalid-0.5.2
Parsing documentation for activejob-6.1.4.1
Installing ri documentation for activejob-6.1.4.1
Parsing documentation for activestorage-6.1.4.1
Installing ri documentation for activestorage-6.1.4.1
Parsing documentation for actiontext-6.1.4.1
Installing ri documentation for actiontext-6.1.4.1
Parsing documentation for mail-2.7.1
Installing ri documentation for mail-2.7.1
Parsing documentation for actionmailer-6.1.4.1
Installing ri documentation for actionmailer-6.1.4.1
Parsing documentation for actionmailbox-6.1.4.1
Installing ri documentation for actionmailbox-6.1.4.1
Parsing documentation for websocket-extensions-0.1.5
Installing ri documentation for websocket-extensions-0.1.5
Parsing documentation for websocket-driver-0.7.5
Installing ri documentation for websocket-driver-0.7.5
Parsing documentation for nio4r-2.5.8
Installing ri documentation for nio4r-2.5.8
Parsing documentation for actioncable-6.1.4.1
Installing ri documentation for actioncable-6.1.4.1
Parsing documentation for rails-6.1.4.1
Installing ri documentation for rails-6.1.4.1
Done installing documentation for rack, concurrent-ruby, sprockets, zeitwerk, tzinfo, i18n, activesupport, nokogiri, crass, loofah, rails-html-sanitizer, rails-dom-testing, rack-test, erubi, builder, actionview, actionpack, sprockets-rails, thor, method_source, railties, mini_mime, marcel, activemodel, activerecord, globalid, activejob, activestorage, actiontext, mail, actionmailer, actionmailbox, websocket-extensions, websocket-driver, nio4r, actioncable, rails after 95 seconds
37 gems installed

Rajani@Samsung MINGW64 ~
$ rails --version
Rails 6.1.4.1

Rajani@Samsung MINGW64 ~
$ export PATH=$PATH:"/C/Users/Rajani/Downloads/Node.js/node-v16.13.0-win-x64/"

Rajani@Samsung MINGW64 ~
$ node --version
v16.13.0

Rajani@Samsung MINGW64 ~
$ npm --version
8.1.0

Rajani@Samsung MINGW64 ~
$ npm install --global yarn

changed 1 package, and audited 2 packages in 2s

found 0 vulnerabilities

Rajani@Samsung MINGW64 ~
$ yarn --version
1.22.17

Rajani@Samsung MINGW64 ~
$ yarn install --check-files
yarn install v1.22.17
[1/4] Resolving packages...
success Already up-to-date.
Done in 0.08s.

Rajani@Samsung MINGW64 ~
$ cd "C:\Users\Rajani\Downloads\Ruby\Ruby"

Rajani@Samsung MINGW64 ~/Downloads/Ruby/Ruby
$ rails new hello_app
      create
      create  README.md
      create  Rakefile
      create  .ruby-version
      create  config.ru
      create  .gitignore
      create  .gitattributes
      create  Gemfile
         run  git init from "."
Initialized empty Git repository in C:/Users/Rajani/Downloads/Ruby/Ruby/hello_app/.git/
      create  package.json
      create  app
      create  app/assets/config/manifest.js
      create  app/assets/stylesheets/application.css
      create  app/channels/application_cable/channel.rb
      create  app/channels/application_cable/connection.rb
      create  app/controllers/application_controller.rb
      create  app/helpers/application_helper.rb
      create  app/javascript/channels/consumer.js
      create  app/javascript/channels/index.js
      create  app/javascript/packs/application.js
      create  app/jobs/application_job.rb
      create  app/mailers/application_mailer.rb
      create  app/models/application_record.rb
      create  app/views/layouts/application.html.erb
      create  app/views/layouts/mailer.html.erb
      create  app/views/layouts/mailer.text.erb
      create  app/assets/images
      create  app/assets/images/.keep
      create  app/controllers/concerns/.keep
      create  app/models/concerns/.keep
      create  bin
      create  bin/rails
      create  bin/rake
      create  bin/setup
      create  bin/spring
      create  bin/yarn
      remove  bin/spring
      create  config
      create  config/routes.rb
      create  config/application.rb
      create  config/environment.rb
      create  config/cable.yml
      create  config/puma.rb
      create  config/storage.yml
      create  config/environments
      create  config/environments/development.rb
      create  config/environments/production.rb
      create  config/environments/test.rb
      create  config/initializers
      create  config/initializers/application_controller_renderer.rb
      create  config/initializers/assets.rb
      create  config/initializers/backtrace_silencers.rb
      create  config/initializers/content_security_policy.rb
      create  config/initializers/cookies_serializer.rb
      create  config/initializers/cors.rb
      create  config/initializers/filter_parameter_logging.rb
      create  config/initializers/inflections.rb
      create  config/initializers/mime_types.rb
      create  config/initializers/new_framework_defaults_6_1.rb
      create  config/initializers/permissions_policy.rb
      create  config/initializers/wrap_parameters.rb
      create  config/locales
      create  config/locales/en.yml
      create  config/master.key
      append  .gitignore
      create  config/boot.rb
      create  config/database.yml
      create  db
      create  db/seeds.rb
      create  lib
      create  lib/tasks
      create  lib/tasks/.keep
      create  lib/assets
      create  lib/assets/.keep
      create  log
      create  log/.keep
      create  public
      create  public/404.html
      create  public/422.html
      create  public/500.html
      create  public/apple-touch-icon-precomposed.png
      create  public/apple-touch-icon.png
      create  public/favicon.ico
      create  public/robots.txt
      create  tmp
      create  tmp/.keep
      create  tmp/pids
      create  tmp/pids/.keep
      create  tmp/cache
      create  tmp/cache/assets
      create  vendor
      create  vendor/.keep
      create  test/fixtures/files
      create  test/fixtures/files/.keep
      create  test/controllers
      create  test/controllers/.keep
      create  test/mailers
      create  test/mailers/.keep
      create  test/models
      create  test/models/.keep
      create  test/helpers
      create  test/helpers/.keep
      create  test/integration
      create  test/integration/.keep
      create  test/channels/application_cable/connection_test.rb
      create  test/test_helper.rb
      create  test/system
      create  test/system/.keep
      create  test/application_system_test_case.rb
      create  storage
      create  storage/.keep
      create  tmp/storage
      create  tmp/storage/.keep
      remove  config/initializers/cors.rb
      remove  config/initializers/new_framework_defaults_6_1.rb
         run  bundle install
Fetching gem metadata from https://rubygems.org/.............
Resolving dependencies.......
Fetching rake 13.0.6
Installing rake 13.0.6
Using concurrent-ruby 1.1.9
Using i18n 1.8.11
Fetching minitest 5.14.4
Installing minitest 5.14.4
Using tzinfo 2.0.4
Using zeitwerk 2.5.1
Using activesupport 6.1.4.1
Using builder 3.2.4
Using erubi 1.10.0
Fetching racc 1.6.0
Installing racc 1.6.0 with native extensions
Using nokogiri 1.12.5 (x64-mingw32)
Using rails-dom-testing 2.0.3
Using crass 1.0.6
Using loofah 2.12.0
Using rails-html-sanitizer 1.4.2
Using actionview 6.1.4.1
Using rack 2.2.3
Using rack-test 1.1.0
Using actionpack 6.1.4.1
Using nio4r 2.5.8
Using websocket-extensions 0.1.5
Using websocket-driver 0.7.5
Using actioncable 6.1.4.1
Using globalid 0.5.2
Using activejob 6.1.4.1
Using activemodel 6.1.4.1
Using activerecord 6.1.4.1
Using marcel 1.0.2
Using mini_mime 1.1.2
Using activestorage 6.1.4.1
Using mail 2.7.1
Using actionmailbox 6.1.4.1
Using actionmailer 6.1.4.1
Using actiontext 6.1.4.1
Fetching public_suffix 4.0.6
Installing public_suffix 4.0.6
Fetching addressable 2.8.0
Installing addressable 2.8.0
Fetching bindex 0.8.1
Installing bindex 0.8.1 with native extensions
Fetching msgpack 1.4.2
Installing msgpack 1.4.2 with native extensions
Fetching bootsnap 1.9.1
Installing bootsnap 1.9.1 with native extensions
Using bundler 2.2.31
Fetching byebug 11.1.3
Installing byebug 11.1.3 with native extensions
Fetching matrix 0.4.2
Installing matrix 0.4.2
Fetching regexp_parser 2.1.1
Installing regexp_parser 2.1.1
Fetching xpath 3.2.0
Installing xpath 3.2.0
Fetching capybara 3.36.0
Installing capybara 3.36.0
Fetching childprocess 4.1.0
Installing childprocess 4.1.0
Fetching ffi 1.15.4 (x64-mingw32)
Installing ffi 1.15.4 (x64-mingw32)
Fetching jbuilder 2.11.2
Installing jbuilder 2.11.2
Using method_source 1.0.0
Fetching puma 5.5.2
Installing puma 5.5.2 with native extensions
Fetching rack-mini-profiler 2.3.3
Installing rack-mini-profiler 2.3.3
Fetching rack-proxy 0.7.0
Installing rack-proxy 0.7.0
Using thor 1.1.0
Using railties 6.1.4.1
Using sprockets 4.0.2
Using sprockets-rails 3.3.0
Using rails 6.1.4.1
Using rexml 3.2.5
Fetching rubyzip 2.3.2
Installing rubyzip 2.3.2
Fetching sassc 2.4.0 (x64-mingw32)
Installing sassc 2.4.0 (x64-mingw32)
Fetching tilt 2.0.10
Installing tilt 2.0.10
Fetching sassc-rails 2.1.2
Installing sassc-rails 2.1.2
Fetching sass-rails 6.0.0
Installing sass-rails 6.0.0
Fetching selenium-webdriver 4.0.3
Installing selenium-webdriver 4.0.3
Fetching semantic_range 3.0.0
Installing semantic_range 3.0.0
Fetching sqlite3 1.4.2
Installing sqlite3 1.4.2 with native extensions
Fetching turbolinks-source 5.2.0
Installing turbolinks-source 5.2.0
Fetching turbolinks 5.2.1
Installing turbolinks 5.2.1
Fetching tzinfo-data 1.2021.5
Installing tzinfo-data 1.2021.5
Fetching web-console 4.1.0
Installing web-console 4.1.0
Fetching webdrivers 5.0.0
Installing webdrivers 5.0.0
Fetching webpacker 5.4.3
Installing webpacker 5.4.3
Bundle complete! 15 Gemfile dependencies, 72 gems now installed.
Use `bundle info [gemname]` to see where a bundled gem is installed.
         run  bundle binstubs bundler
       rails  webpacker:install
      create  config/webpacker.yml
Copying webpack core config
      create  config/webpack
      create  config/webpack/development.js
      create  config/webpack/environment.js
      create  config/webpack/production.js
      create  config/webpack/test.js
Copying postcss.config.js to app root directory
      create  postcss.config.js
Copying babel.config.js to app root directory
      create  babel.config.js
Copying .browserslistrc to app root directory
      create  .browserslistrc
The JavaScript app source directory already exists
       apply  C:/Ruby30-x64/lib/ruby/gems/3.0.0/gems/webpacker-5.4.3/lib/install/binstubs.rb
  Copying binstubs
       exist    bin
      create    bin/webpack
      create    bin/webpack-dev-server
      append  .gitignore
Installing all JavaScript dependencies [5.4.3]
         run  yarn add @rails/webpacker@5.4.3 from "."
yarn add v1.22.17
info No lockfile found.
[1/4] Resolving packages...
warning @rails/webpacker > webpack > watchpack > watchpack-chokidar2 > chokidar@2.1.8: Chokidar 2 will break on node v14+. Upgrade to chokidar 3 with 15x less dependencies.
warning @rails/webpacker > webpack > watchpack > watchpack-chokidar2 > chokidar > fsevents@1.2.13: fsevents 1 will break on node v14+ and could be using insecure binaries. Upgrade to fsevents 2.
warning @rails/webpacker > postcss-preset-env > postcss-color-gray > postcss-values-parser > flatten@1.0.3: flatten is deprecated in favor of utility frameworks such as lodash.
warning @rails/webpacker > webpack > node-libs-browser > url > querystring@0.2.0: The querystring API is considered Legacy. new code should use the URLSearchParams API instead.
warning @rails/webpacker > optimize-css-assets-webpack-plugin > cssnano > cssnano-preset-default > postcss-svgo > svgo@1.3.2: This SVGO version is no longer supported. Upgrade to v2.x.x.
warning @rails/webpacker > webpack > micromatch > snapdragon > source-map-resolve > resolve-url@0.2.1: https://github.com/lydell/resolve-url#deprecated
warning @rails/webpacker > webpack > micromatch > snapdragon > source-map-resolve > urix@0.1.0: Please see https://github.com/lydell/urix#deprecated
[2/4] Fetching packages...
[3/4] Linking dependencies...
[4/4] Building fresh packages...
success Saved lockfile.
success Saved 528 new dependencies.
info Direct dependencies
+- @rails/actioncable@6.1.4
+- @rails/activestorage@6.1.4
+- @rails/ujs@6.1.4
+- @rails/webpacker@5.4.3
+- turbolinks@5.2.0
info All dependencies
+- @babel/code-frame@7.16.0
+- @babel/compat-data@7.16.0
+- @babel/core@7.16.0
+- @babel/helper-builder-binary-assignment-operator-visitor@7.16.0
+- @babel/helper-compilation-targets@7.16.3
+- @babel/helper-explode-assignable-expression@7.16.0
+- @babel/helper-get-function-arity@7.16.0
+- @babel/helper-module-imports@7.16.0
+- @babel/helper-plugin-utils@7.14.5
+- @babel/helper-wrap-function@7.16.0
+- @babel/helpers@7.16.3
+- @babel/highlight@7.16.0
+- @babel/parser@7.16.3
+- @babel/plugin-bugfix-safari-id-destructuring-collision-in-function-expression@7.16.2
+- @babel/plugin-bugfix-v8-spread-parameters-in-optional-chaining@7.16.0
+- @babel/plugin-proposal-async-generator-functions@7.16.0
+- @babel/plugin-proposal-class-properties@7.16.0
+- @babel/plugin-proposal-class-static-block@7.16.0
+- @babel/plugin-proposal-dynamic-import@7.16.0
+- @babel/plugin-proposal-export-namespace-from@7.16.0
+- @babel/plugin-proposal-json-strings@7.16.0
+- @babel/plugin-proposal-logical-assignment-operators@7.16.0
+- @babel/plugin-proposal-nullish-coalescing-operator@7.16.0
+- @babel/plugin-proposal-numeric-separator@7.16.0
+- @babel/plugin-proposal-object-rest-spread@7.16.0
+- @babel/plugin-proposal-optional-catch-binding@7.16.0
+- @babel/plugin-proposal-private-methods@7.16.0
+- @babel/plugin-proposal-private-property-in-object@7.16.0
+- @babel/plugin-proposal-unicode-property-regex@7.16.0
+- @babel/plugin-syntax-class-properties@7.12.13
+- @babel/plugin-syntax-top-level-await@7.14.5
+- @babel/plugin-transform-arrow-functions@7.16.0
+- @babel/plugin-transform-async-to-generator@7.16.0
+- @babel/plugin-transform-block-scoped-functions@7.16.0
+- @babel/plugin-transform-block-scoping@7.16.0
+- @babel/plugin-transform-classes@7.16.0
+- @babel/plugin-transform-computed-properties@7.16.0
+- @babel/plugin-transform-destructuring@7.16.0
+- @babel/plugin-transform-dotall-regex@7.16.0
+- @babel/plugin-transform-duplicate-keys@7.16.0
+- @babel/plugin-transform-exponentiation-operator@7.16.0
+- @babel/plugin-transform-for-of@7.16.0
+- @babel/plugin-transform-function-name@7.16.0
+- @babel/plugin-transform-literals@7.16.0
+- @babel/plugin-transform-member-expression-literals@7.16.0
+- @babel/plugin-transform-modules-amd@7.16.0
+- @babel/plugin-transform-modules-commonjs@7.16.0
+- @babel/plugin-transform-modules-systemjs@7.16.0
+- @babel/plugin-transform-modules-umd@7.16.0
+- @babel/plugin-transform-named-capturing-groups-regex@7.16.0
+- @babel/plugin-transform-new-target@7.16.0
+- @babel/plugin-transform-object-super@7.16.0
+- @babel/plugin-transform-property-literals@7.16.0
+- @babel/plugin-transform-regenerator@7.16.0
+- @babel/plugin-transform-reserved-words@7.16.0
+- @babel/plugin-transform-runtime@7.16.0
+- @babel/plugin-transform-shorthand-properties@7.16.0
+- @babel/plugin-transform-spread@7.16.0
+- @babel/plugin-transform-sticky-regex@7.16.0
+- @babel/plugin-transform-template-literals@7.16.0
+- @babel/plugin-transform-typeof-symbol@7.16.0
+- @babel/plugin-transform-unicode-escapes@7.16.0
+- @babel/plugin-transform-unicode-regex@7.16.0
+- @babel/preset-env@7.16.0
+- @babel/preset-modules@0.1.5
+- @babel/runtime@7.16.3
+- @gar/promisify@1.1.2
+- @npmcli/fs@1.0.0
+- @npmcli/move-file@1.1.2
+- @rails/actioncable@6.1.4
+- @rails/activestorage@6.1.4
+- @rails/ujs@6.1.4
+- @rails/webpacker@5.4.3
+- @types/json-schema@7.0.9
+- @types/node@16.11.7
+- @types/parse-json@4.0.0
+- @types/q@1.5.5
+- @webassemblyjs/floating-point-hex-parser@1.9.0
+- @webassemblyjs/helper-code-frame@1.9.0
+- @webassemblyjs/helper-fsm@1.9.0
+- @webassemblyjs/helper-wasm-section@1.9.0
+- @webassemblyjs/wasm-edit@1.9.0
+- @webassemblyjs/wasm-opt@1.9.0
+- @xtuc/ieee754@1.2.0
+- acorn@6.4.2
+- aggregate-error@3.1.0
+- ajv-errors@1.0.1
+- ajv-keywords@3.5.2
+- ajv@6.12.6
+- ansi-regex@4.1.0
+- ansi-styles@3.2.1
+- anymatch@3.1.2
+- argparse@1.0.10
+- arr-flatten@1.1.0
+- asn1.js@5.4.1
+- assert@1.5.0
+- assign-symbols@1.0.0
+- async-each@1.0.3
+- atob@2.1.2
+- autoprefixer@9.8.8
+- babel-loader@8.2.3
+- babel-plugin-macros@2.8.0
+- base@0.11.2
+- base64-js@1.5.1
+- binary-extensions@2.2.0
+- bluebird@3.7.2
+- boolbase@1.0.0
+- brace-expansion@1.1.11
+- braces@2.3.2
+- brorand@1.1.0
+- browserify-aes@1.2.0
+- browserify-cipher@1.0.1
+- browserify-des@1.0.2
+- browserify-rsa@4.1.0
+- browserify-sign@4.2.1
+- browserify-zlib@0.2.0
+- buffer-xor@1.0.3
+- buffer@4.9.2
+- builtin-status-codes@3.0.0
+- cache-base@1.0.1
+- caller-callsite@2.0.0
+- caller-path@2.0.0
+- callsites@2.0.0
+- camelcase@5.3.1
+- caniuse-lite@1.0.30001280
+- case-sensitive-paths-webpack-plugin@2.4.0
+- chokidar@3.5.2
+- chrome-trace-event@1.0.3
+- class-utils@0.3.6
+- clean-stack@2.2.0
+- cliui@5.0.0
+- coa@2.0.2
+- collection-visit@1.0.0
+- color-convert@1.9.3
+- color-name@1.1.3
+- color-string@1.6.0
+- color@3.2.1
+- compression-webpack-plugin@4.0.1
+- concat-map@0.0.1
+- concat-stream@1.6.2
+- console-browserify@1.2.0
+- constants-browserify@1.0.0
+- convert-source-map@1.8.0
+- copy-concurrently@1.0.5
+- copy-descriptor@0.1.1
+- core-js-compat@3.19.1
+- core-js@3.19.1
+- core-util-is@1.0.3
+- create-ecdh@4.0.4
+- create-hmac@1.1.7
+- cross-spawn@6.0.5
+- crypto-browserify@3.12.0
+- css-blank-pseudo@0.1.4
+- css-color-names@0.0.4
+- css-declaration-sorter@4.0.1
+- css-has-pseudo@0.10.0
+- css-loader@3.6.0
+- css-prefers-color-scheme@3.1.1
+- css-select-base-adapter@0.1.1
+- css-select@2.1.0
+- css-tree@1.0.0-alpha.37
+- css-what@3.4.2
+- cssdb@4.4.0
+- cssnano-preset-default@4.0.8
+- cssnano-util-raw-cache@4.0.1
+- cssnano-util-same-parent@4.0.1
+- cssnano@4.1.11
+- csso@4.2.0
+- cyclist@1.0.1
+- debug@4.3.2
+- decamelize@1.2.0
+- decode-uri-component@0.2.0
+- des.js@1.0.1
+- detect-file@1.0.0
+- diffie-hellman@5.0.3
+- dom-serializer@0.2.2
+- domain-browser@1.2.0
+- domelementtype@1.3.1
+- domutils@1.7.0
+- dot-prop@5.3.0
+- duplexify@3.7.1
+- electron-to-chromium@1.3.896
+- emoji-regex@7.0.3
+- enhanced-resolve@4.5.0
+- entities@2.2.0
+- errno@0.1.8
+- es-to-primitive@1.2.1
+- escalade@3.1.1
+- escape-string-regexp@1.0.5
+- eslint-scope@4.0.3
+- esprima@4.0.1
+- esrecurse@4.3.0
+- estraverse@4.3.0
+- esutils@2.0.3
+- events@3.3.0
+- expand-brackets@2.1.4
+- expand-tilde@2.0.2
+- extglob@2.0.4
+- fast-deep-equal@3.1.3
+- fast-json-stable-stringify@2.1.0
+- file-loader@6.2.0
+- fill-range@4.0.0
+- findup-sync@3.0.0
+- flatted@3.2.4
+- flatten@1.0.3
+- flush-write-stream@1.1.1
+- for-in@1.0.2
+- from2@2.3.0
+- fs.realpath@1.0.0
+- gensync@1.0.0-beta.2
+- get-caller-file@2.0.5
+- get-symbol-description@1.0.0
+- glob-parent@5.1.2
+- global-modules@2.0.0
+- global-prefix@3.0.0
+- has-value@1.0.0
+- hash.js@1.1.7
+- hex-color-regex@1.1.0
+- hmac-drbg@1.0.1
+- hsl-regex@1.0.0
+- hsla-regex@1.0.0
+- https-browserify@1.0.0
+- icss-utils@4.1.1
+- ieee754@1.2.1
+- import-cwd@2.1.0
+- import-fresh@2.0.0
+- import-from@2.1.0
+- import-local@2.0.0
+- indent-string@4.0.0
+- infer-owner@1.0.4
+- inflight@1.0.6
+- ini@1.3.8
+- internal-slot@1.0.3
+- interpret@1.4.0
+- is-absolute-url@2.1.0
+- is-accessor-descriptor@1.0.0
+- is-arrayish@0.2.1
+- is-bigint@1.0.4
+- is-binary-path@2.1.0
+- is-boolean-object@1.1.2
+- is-callable@1.2.4
+- is-color-stop@1.1.0
+- is-core-module@2.8.0
+- is-data-descriptor@1.0.0
+- is-date-object@1.0.5
+- is-descriptor@1.0.2
+- is-directory@0.3.1
+- is-extglob@2.1.1
+- is-fullwidth-code-point@2.0.0
+- is-glob@4.0.3
+- is-negative-zero@2.0.1
+- is-number-object@1.0.6
+- is-obj@2.0.0
+- is-plain-obj@1.1.0
+- is-plain-object@2.0.4
+- is-regex@1.1.4
+- is-resolvable@1.1.0
+- is-shared-array-buffer@1.0.1
+- is-string@1.0.7
+- is-symbol@1.0.4
+- is-weakref@1.0.1
+- is-windows@1.0.2
+- is-wsl@1.1.0
+- isarray@1.0.0
+- isexe@2.0.0
+- jest-worker@26.6.2
+- js-tokens@4.0.0
+- jsesc@2.5.2
+- json-parse-better-errors@1.0.2
+- json-parse-even-better-errors@2.3.1
+- json-schema-traverse@0.4.1
+- kind-of@3.2.2
+- klona@2.0.5
+- last-call-webpack-plugin@3.0.0
+- lines-and-columns@1.1.6
+- loader-runner@2.4.0
+- locate-path@3.0.0
+- lodash.debounce@4.0.8
+- lodash.get@4.4.2
+- lodash.has@4.5.2
+- lodash.memoize@4.1.2
+- lodash.uniq@4.5.0
+- lodash@4.17.21
+- make-dir@3.1.0
+- map-visit@1.0.0
+- mdn-data@2.0.4
+- memory-fs@0.4.1
+- merge-stream@2.0.0
+- micromatch@3.1.10
+- miller-rabin@4.0.1
+- mini-css-extract-plugin@0.9.0
+- minimatch@3.0.4
+- minipass-collect@1.0.2
+- minipass-flush@1.0.5
+- minipass-pipeline@1.2.4
+- minizlib@2.1.2
+- mississippi@3.0.0
+- mixin-deep@1.3.2
+- mkdirp@0.5.5
+- move-concurrently@1.0.1
+- ms@2.1.2
+- nanomatch@1.2.13
+- neo-async@2.6.2
+- nice-try@1.0.5
+- node-libs-browser@2.2.1
+- node-releases@2.0.1
+- normalize-path@3.0.0
+- normalize-range@0.1.2
+- normalize-url@1.9.1
+- nth-check@1.0.2
+- num2fraction@1.2.2
+- object-assign@4.1.1
+- object-copy@0.1.0
+- object-inspect@1.11.0
+- object.assign@4.1.2
+- object.getownpropertydescriptors@2.1.3
+- object.values@1.1.5
+- optimize-css-assets-webpack-plugin@5.0.8
+- os-browserify@0.3.0
+- p-limit@2.3.0
+- p-locate@3.0.0
+- p-map@4.0.0
+- p-try@2.2.0
+- pako@1.0.11
+- parallel-transform@1.2.0
+- parent-module@1.0.1
+- parse-asn1@5.1.6
+- parse-json@4.0.0
+- parse-passwd@1.0.0
+- pascalcase@0.1.1
+- path-browserify@0.0.1
+- path-complete-extname@1.0.0
+- path-dirname@1.0.2
+- path-exists@3.0.0
+- path-is-absolute@1.0.1
+- path-key@2.0.1
+- path-parse@1.0.7
+- path-type@4.0.0
+- picomatch@2.3.0
+- pify@2.3.0
+- pnp-webpack-plugin@1.7.0
+- posix-character-classes@0.1.1
+- postcss-attribute-case-insensitive@4.0.2
+- postcss-calc@7.0.5
+- postcss-color-functional-notation@2.0.1
+- postcss-color-gray@5.0.0
+- postcss-color-hex-alpha@5.0.3
+- postcss-color-mod-function@3.0.3
+- postcss-color-rebeccapurple@4.0.1
+- postcss-colormin@4.0.3
+- postcss-convert-values@4.0.1
+- postcss-custom-media@7.0.8
+- postcss-custom-properties@8.0.11
+- postcss-custom-selectors@5.1.2
+- postcss-dir-pseudo-class@5.0.0
+- postcss-discard-comments@4.0.2
+- postcss-discard-duplicates@4.0.2
+- postcss-discard-empty@4.0.1
+- postcss-discard-overridden@4.0.1
+- postcss-double-position-gradients@1.0.0
+- postcss-env-function@2.0.2
+- postcss-flexbugs-fixes@4.2.1
+- postcss-focus-visible@4.0.0
+- postcss-focus-within@3.0.0
+- postcss-font-variant@4.0.1
+- postcss-gap-properties@2.0.0
+- postcss-image-set-function@3.0.1
+- postcss-import@12.0.1
+- postcss-initial@3.0.4
+- postcss-lab-function@2.0.1
+- postcss-load-config@2.1.2
+- postcss-loader@3.0.0
+- postcss-logical@3.0.0
+- postcss-media-minmax@4.0.0
+- postcss-merge-longhand@4.0.11
+- postcss-merge-rules@4.0.3
+- postcss-minify-font-values@4.0.2
+- postcss-minify-gradients@4.0.2
+- postcss-minify-params@4.0.2
+- postcss-minify-selectors@4.0.2
+- postcss-modules-extract-imports@2.0.0
+- postcss-modules-local-by-default@3.0.3
+- postcss-modules-scope@2.2.0
+- postcss-modules-values@3.0.0
+- postcss-nesting@7.0.1
+- postcss-normalize-charset@4.0.1
+- postcss-normalize-display-values@4.0.2
+- postcss-normalize-positions@4.0.2
+- postcss-normalize-repeat-style@4.0.2
+- postcss-normalize-string@4.0.2
+- postcss-normalize-timing-functions@4.0.2
+- postcss-normalize-unicode@4.0.1
+- postcss-normalize-url@4.0.1
+- postcss-normalize-whitespace@4.0.2
+- postcss-ordered-values@4.1.2
+- postcss-overflow-shorthand@2.0.0
+- postcss-page-break@2.0.0
+- postcss-place@4.0.1
+- postcss-preset-env@6.7.0
+- postcss-pseudo-class-any-link@6.0.0
+- postcss-reduce-initial@4.0.3
+- postcss-reduce-transforms@4.0.2
+- postcss-replace-overflow-wrap@3.0.0
+- postcss-safe-parser@4.0.2
+- postcss-selector-matches@4.0.0
+- postcss-selector-not@4.0.1
+- postcss-svgo@4.0.3
+- postcss-unique-selectors@4.0.1
+- prepend-http@1.0.4
+- process-nextick-args@2.0.1
+- process@0.11.10
+- prr@1.0.1
+- public-encrypt@4.0.3
+- pump@3.0.0
+- pumpify@1.5.1
+- punycode@1.4.1
+- q@1.5.1
+- query-string@4.3.4
+- querystring-es3@0.2.1
+- querystring@0.2.0
+- randomfill@1.0.4
+- read-cache@1.0.0
+- readable-stream@2.3.7
+- readdirp@3.6.0
+- regenerate-unicode-properties@9.0.0
+- regenerator-runtime@0.13.9
+- regenerator-transform@0.14.5
+- regexpu-core@4.8.0
+- regjsgen@0.5.2
+- regjsparser@0.7.0
+- remove-trailing-separator@1.1.0
+- repeat-element@1.1.4
+- require-directory@2.1.1
+- require-main-filename@2.0.0
+- resolve-cwd@2.0.0
+- resolve-dir@1.0.1
+- resolve-url@0.2.1
+- resolve@1.20.0
+- ret@0.1.15
+- rgb-regex@1.0.1
+- rgba-regex@1.0.0
+- run-queue@1.0.3
+- safer-buffer@2.1.2
+- sass-loader@10.1.1
+- sass@1.43.4
+- sax@1.2.4
+- semver@6.3.0
+- set-blocking@2.0.0
+- set-value@2.0.1
+- setimmediate@1.0.5
+- shebang-command@1.2.0
+- shebang-regex@1.0.0
+- side-channel@1.0.4
+- simple-swizzle@0.2.2
+- snapdragon-node@2.1.1
+- snapdragon-util@3.0.1
+- sort-keys@1.1.2
+- source-list-map@2.0.1
+- source-map-resolve@0.5.3
+- source-map-support@0.5.20
+- source-map-url@0.4.1
+- spark-md5@3.0.2
+- split-string@3.1.0
+- sprintf-js@1.0.3
+- ssri@8.0.1
+- stable@0.1.8
+- static-extend@0.1.2
+- stream-browserify@2.0.2
+- stream-each@1.2.3
+- stream-http@2.8.3
+- strict-uri-encode@1.1.0
+- string_decoder@1.3.0
+- string.prototype.trimend@1.0.4
+- string.prototype.trimstart@1.0.4
+- strip-ansi@5.2.0
+- style-loader@1.3.0
+- stylehacks@4.0.3
+- supports-color@6.1.0
+- svgo@1.3.2
+- tar@6.1.11
+- terser-webpack-plugin@4.2.3
+- terser@5.9.0
+- through2@2.0.5
+- timers-browserify@2.0.12
+- timsort@0.3.0
+- to-arraybuffer@1.0.1
+- to-fast-properties@2.0.0
+- to-object-path@0.3.0
+- to-regex-range@2.1.1
+- ts-pnp@1.2.0
+- tty-browserify@0.0.0
+- turbolinks@5.2.0
+- typedarray@0.0.6
+- unbox-primitive@1.0.1
+- unicode-canonical-property-names-ecmascript@2.0.0
+- unicode-match-property-ecmascript@2.0.0
+- unicode-match-property-value-ecmascript@2.0.0
+- unicode-property-aliases-ecmascript@2.0.0
+- union-value@1.0.1
+- unique-slug@2.0.2
+- unquote@1.1.1
+- unset-value@1.0.0
+- upath@1.2.0
+- uri-js@4.4.1
+- urix@0.1.0
+- url@0.11.0
+- use@3.1.1
+- util-deprecate@1.0.2
+- util.promisify@1.0.1
+- util@0.11.1
+- v8-compile-cache@2.3.0
+- vendors@1.0.4
+- vm-browserify@1.1.2
+- watchpack-chokidar2@2.0.1
+- watchpack@1.7.5
+- webpack-assets-manifest@3.1.1
+- webpack-cli@3.3.12
+- webpack@4.46.0
+- which-boxed-primitive@1.0.2
+- which-module@2.0.0
+- which@1.3.1
+- worker-farm@1.7.0
+- wrap-ansi@5.1.0
+- xtend@4.0.2
+- yaml@1.10.2
+- yargs-parser@13.1.2
+- yargs@13.3.2
+- yocto-queue@0.1.0
Done in 40.96s.
Installing webpack and webpack-cli as direct dependencies
         run  yarn add webpack@^4.46.0 webpack-cli@^3.3.12 from "."
yarn add v1.22.17
[1/4] Resolving packages...
[2/4] Fetching packages...
[3/4] Linking dependencies...
[4/4] Building fresh packages...
success Saved lockfile.
success Saved 0 new dependencies.
Done in 8.89s.
Installing dev server for live reloading
         run  yarn add --dev webpack-dev-server@^3 from "."
yarn add v1.22.17
[1/4] Resolving packages...
warning webpack-dev-server > sockjs > uuid@3.4.0: Please upgrade  to version 7 or higher.  Older versions may use Math.random() in certain circumstances, which is known to be problematic.  See https://v8.dev/blog/math-random for details.
warning webpack-dev-server > webpack-log > uuid@3.4.0: Please upgrade  to version 7 or higher.  Older versions may use Math.random() in certain circumstances, which is known to be problematic.  See https://v8.dev/blog/math-random for details.
[2/4] Fetching packages...
[3/4] Linking dependencies...
[4/4] Building fresh packages...
success Saved lockfile.
success Saved 107 new dependencies.
info Direct dependencies
+- webpack-dev-server@3.11.3
info All dependencies
+- @types/glob@7.2.0
+- @types/minimatch@3.0.5
+- accepts@1.3.7
+- ansi-colors@3.2.4
+- ansi-html-community@0.0.8
+- array-flatten@1.1.1
+- array-union@1.0.2
+- array-uniq@1.0.3
+- async-limiter@1.0.1
+- async@2.6.3
+- batch@0.6.1
+- body-parser@1.19.0
+- bonjour@3.5.0
+- buffer-indexof@1.1.1
+- compressible@2.0.18
+- compression@1.7.4
+- connect-history-api-fallback@1.6.0
+- content-disposition@0.5.3
+- cookie-signature@1.0.6
+- cookie@0.4.0
+- deep-equal@1.1.1
+- default-gateway@4.2.0
+- del@4.1.1
+- destroy@1.0.4
+- detect-node@2.1.0
+- dns-equal@1.0.0
+- dns-packet@1.3.4
+- dns-txt@2.0.2
+- ee-first@1.1.1
+- eventemitter3@4.0.7
+- eventsource@1.1.0
+- execa@1.0.0
+- express@4.17.1
+- finalhandler@1.1.2
+- follow-redirects@1.14.5
+- forwarded@0.2.0
+- get-stream@4.1.0
+- globby@6.1.0
+- handle-thing@2.0.1
+- hpack.js@2.1.6
+- html-entities@1.4.0
+- http-deceiver@1.2.7
+- http-parser-js@0.5.3
+- http-proxy-middleware@0.19.1
+- http-proxy@1.18.1
+- internal-ip@4.3.0
+- ip-regex@2.1.0
+- ip@1.1.5
+- ipaddr.js@1.9.1
+- is-absolute-url@3.0.3
+- is-arguments@1.1.1
+- is-path-cwd@2.2.0
+- is-path-in-cwd@2.1.0
+- is-path-inside@2.1.0
+- is-stream@1.1.0
+- json3@3.3.3
+- killable@1.0.1
+- loglevel@1.7.1
+- media-typer@0.3.0
+- merge-descriptors@1.0.1
+- methods@1.1.2
+- mime-db@1.51.0
+- mime@2.6.0
+- multicast-dns-service-types@1.1.0
+- multicast-dns@6.2.3
+- negotiator@0.6.2
+- node-forge@0.10.0
+- npm-run-path@2.0.2
+- object-is@1.1.5
+- obuf@1.1.2
+- on-headers@1.0.2
+- opn@5.5.0
+- original@1.0.2
+- p-finally@1.0.0
+- p-retry@3.0.1
+- path-is-inside@1.0.2
+- path-to-regexp@0.1.7
+- pinkie-promise@2.0.1
+- pinkie@2.0.4
+- portfinder@1.0.28
+- proxy-addr@2.0.7
+- querystringify@2.2.0
+- raw-body@2.4.0
+- regexp.prototype.flags@1.3.1
+- retry@0.12.0
+- select-hose@2.0.0
+- selfsigned@1.10.11
+- serve-index@1.9.1
+- serve-static@1.14.1
+- signal-exit@3.0.5
+- sockjs-client@1.5.2
+- sockjs@0.3.21
+- spdy-transport@3.0.0
+- spdy@4.0.2
+- strip-eof@1.0.0
+- thunky@1.1.0
+- type-is@1.6.18
+- unpipe@1.0.0
+- url-parse@1.5.3
+- utils-merge@1.0.1
+- uuid@3.4.0
+- wbuf@1.7.3
+- webpack-dev-middleware@3.7.3
+- webpack-dev-server@3.11.3
+- websocket-driver@0.7.4
+- websocket-extensions@0.1.4
+- ws@6.2.2
Done in 21.07s.
Webpacker successfully installed ?? ??

Rajani@Samsung MINGW64 ~/Downloads/Ruby/Ruby
$ cd hello_app/

Rajani@Samsung MINGW64 ~/Downloads/Ruby/Ruby/hello_app (master)
$ bundle install
Using rake 13.0.6
Using concurrent-ruby 1.1.9
Using i18n 1.8.11
Using minitest 5.14.4
Using tzinfo 2.0.4
Using zeitwerk 2.5.1
Using activesupport 6.1.4.1
Using builder 3.2.4
Using erubi 1.10.0
Using racc 1.6.0
Using nokogiri 1.12.5 (x64-mingw32)
Using rails-dom-testing 2.0.3
Using crass 1.0.6
Using loofah 2.12.0
Using rails-html-sanitizer 1.4.2
Using actionview 6.1.4.1
Using rack 2.2.3
Using rack-test 1.1.0
Using actionpack 6.1.4.1
Using nio4r 2.5.8
Using websocket-extensions 0.1.5
Using websocket-driver 0.7.5
Using actioncable 6.1.4.1
Using globalid 0.5.2
Using activejob 6.1.4.1
Using activemodel 6.1.4.1
Using activerecord 6.1.4.1
Using marcel 1.0.2
Using mini_mime 1.1.2
Using activestorage 6.1.4.1
Using mail 2.7.1
Using actionmailbox 6.1.4.1
Using actionmailer 6.1.4.1
Using actiontext 6.1.4.1
Using public_suffix 4.0.6
Using addressable 2.8.0
Using bindex 0.8.1
Using msgpack 1.4.2
Using bootsnap 1.9.1
Using bundler 2.2.31
Using byebug 11.1.3
Using matrix 0.4.2
Using regexp_parser 2.1.1
Using xpath 3.2.0
Using capybara 3.36.0
Using childprocess 4.1.0
Using ffi 1.15.4 (x64-mingw32)
Using jbuilder 2.11.2
Using method_source 1.0.0
Using puma 5.5.2
Using rack-mini-profiler 2.3.3
Using rack-proxy 0.7.0
Using thor 1.1.0
Using railties 6.1.4.1
Using sprockets 4.0.2
Using sprockets-rails 3.3.0
Using rails 6.1.4.1
Using rexml 3.2.5
Using rubyzip 2.3.2
Using sassc 2.4.0 (x64-mingw32)
Using tilt 2.0.10
Using sassc-rails 2.1.2
Using sass-rails 6.0.0
Using selenium-webdriver 4.0.3
Using semantic_range 3.0.0
Using sqlite3 1.4.2
Using turbolinks-source 5.2.0
Using turbolinks 5.2.1
Using tzinfo-data 1.2021.5
Using web-console 4.1.0
Using webdrivers 5.0.0
Using webpacker 5.4.3
Bundle complete! 15 Gemfile dependencies, 72 gems now installed.
Use `bundle info [gemname]` to see where a bundled gem is installed.

Rajani@Samsung MINGW64 ~/Downloads/Ruby/Ruby/hello_app (master)
$ rails server
=> Booting Puma
=> Rails 6.1.4.1 application starting in development
=> Run `bin/rails server --help` for more startup options
*** SIGUSR2 not implemented, signal based restart unavailable!
*** SIGUSR1 not implemented, signal based restart unavailable!
*** SIGHUP not implemented, signal based logs reopening unavailable!
Puma starting in single mode...
* Puma version: 5.5.2 (ruby 3.0.2-p107) ("Zawgyi")
*  Min threads: 5
*  Max threads: 5
*  Environment: development
*          PID: 5724
* Listening on http://[::1]:3000
* Listening on http://127.0.0.1:3000
Use Ctrl-C to stop
Started GET "/" for ::1 at 2021-11-14 18:38:01 +0530
   (5.9ms)  SELECT sqlite_version(*)
Processing by Rails::WelcomeController#index as HTML
  Rendering C:/Ruby30-x64/lib/ruby/gems/3.0.0/gems/railties-6.1.4.1/lib/rails/templates/rails/welcome/index.html.erb
  Rendered C:/Ruby30-x64/lib/ruby/gems/3.0.0/gems/railties-6.1.4.1/lib/rails/templates/rails/welcome/index.html.erb (Duration: 12.8ms | Allocations: 618)
Completed 200 OK in 74ms (Views: 31.4ms | ActiveRecord: 0.0ms | Allocations: 4983)


Started GET "/" for 127.0.0.1 at 2021-11-14 18:38:07 +0530
Processing by Rails::WelcomeController#index as HTML
  Rendering C:/Ruby30-x64/lib/ruby/gems/3.0.0/gems/railties-6.1.4.1/lib/rails/templates/rails/welcome/index.html.erb
  Rendered C:/Ruby30-x64/lib/ruby/gems/3.0.0/gems/railties-6.1.4.1/lib/rails/templates/rails/welcome/index.html.erb (Duration: 8.1ms | Allocations: 262)
Completed 200 OK in 14ms (Views: 9.7ms | ActiveRecord: 0.0ms | Allocations: 1179)


Started GET "/" for ::1 at 2021-11-14 18:38:16 +0530
Processing by Rails::WelcomeController#index as HTML
  Rendering C:/Ruby30-x64/lib/ruby/gems/3.0.0/gems/railties-6.1.4.1/lib/rails/templates/rails/welcome/index.html.erb
  Rendered C:/Ruby30-x64/lib/ruby/gems/3.0.0/gems/railties-6.1.4.1/lib/rails/templates/rails/welcome/index.html.erb (Duration: 0.5ms | Allocations: 47)
Completed 200 OK in 3ms (Views: 1.5ms | ActiveRecord: 0.0ms | Allocations: 472)


2021-11-14 18:38:26 +0530 HTTP parse error, malformed request: #<Puma::HttpParserError: Invalid HTTP format, parsing fails. Are you trying to open an SSL connection to a non-SSL Puma?>
2021-11-14 18:38:26 +0530 HTTP parse error, malformed request: #<Puma::HttpParserError: Invalid HTTP format, parsing fails. Are you trying to open an SSL connection to a non-SSL Puma?>
- Gracefully stopping, waiting for requests to finish
=== puma shutdown: 2021-11-14 18:38:34 +0530 ===
- Goodbye!
Exiting

Rajani@Samsung MINGW64 ~/Downloads/Ruby/Ruby/hello_app (master)
$ ruby -rpuma -e "puts Puma.ssl?"
false

Rajani@Samsung MINGW64 ~/Downloads/Ruby/Ruby/hello_app (master)
$ ridk.cmd exec pacman -S mingw-w64-x86_64-openssl
resolving dependencies...
looking for conflicting packages...

Packages (5) mingw-w64-x86_64-ca-certificates-20200601-3  mingw-w64-x86_64-libffi-3.3-4  mingw-w64-x86_64-libtasn1-4.17.0-1  mingw-w64-x86_64-p11-kit-0.23.22-1  mingw-w64-x86_64-openssl-1.1.1.k-2

Total Download Size:    5.65 MiB
Total Installed Size:  72.53 MiB

:: Proceed with installation? [Y/n] Y
Y
:: Retrieving packages...
 mingw-w64-x86_64-libtasn1-4.17.0-1-any downloading...
 mingw-w64-x86_64-libffi-3.3-4-any downloading...
 mingw-w64-x86_64-p11-kit-0.23.22-1-any downloading...
 mingw-w64-x86_64-ca-certificates-20200601-3-any downloading...
 mingw-w64-x86_64-openssl-1.1.1.k-2-any downloading...
checking keyring...
checking package integrity...
loading package files...
checking for file conflicts...
checking available disk space...
:: Processing package changes...
installing mingw-w64-x86_64-libtasn1...
installing mingw-w64-x86_64-libffi...
installing mingw-w64-x86_64-p11-kit...
installing mingw-w64-x86_64-ca-certificates...
installing mingw-w64-x86_64-openssl...

Rajani@Samsung MINGW64 ~/Downloads/Ruby/Ruby/hello_app (master)
$ gem uninstall puma
Removing puma
Removing pumactl
Successfully uninstalled puma-5.5.2

Rajani@Samsung MINGW64 ~/Downloads/Ruby/Ruby/hello_app (master)
$ gem install puma
Temporarily enhancing PATH for MSYS/MINGW...
Building native extensions. This could take a while...
Successfully installed puma-5.5.2
Parsing documentation for puma-5.5.2
Installing ri documentation for puma-5.5.2
Done installing documentation for puma after 2 seconds
1 gem installed

Rajani@Samsung MINGW64 ~/Downloads/Ruby/Ruby/hello_app (master)
$ gem which puma
C:/Ruby30-x64/lib/ruby/gems/3.0.0/gems/puma-5.5.2/lib/puma.rb

Rajani@Samsung MINGW64 ~/Downloads/Ruby/Ruby/hello_app (master)
$ ruby -rpuma -e "puts Puma.ssl?"
true

Rajani@Samsung MINGW64 ~/Downloads/Ruby/Ruby/hello_app (master)
$ openssl req -x509 -sha256 -nodes -newkey rsa:2048 -days 365 -keyout localhost.key -out localhost.crt
Generating a RSA private key
.+++++
........+++++
writing new private key to 'localhost.key'
-----
You are about to be asked to enter information that will be incorporated
into your certificate request.
What you are about to enter is what is called a Distinguished Name or a DN.
There are quite a few fields but you can leave some blank
For some fields there will be a default value,
If you enter '.', the field will be left blank.
-----
Country Name (2 letter code) [AU]:
State or Province Name (full name) [Some-State]:
Locality Name (eg, city) []:
Organization Name (eg, company) [Internet Widgits Pty Ltd]:
Organizational Unit Name (eg, section) []:
Common Name (e.g. server FQDN or YOUR name) []:
Email Address []:

Rajani@Samsung MINGW64 ~/Downloads/Ruby/Ruby/hello_app (master)
$ rails s -b 'ssl://localhost:3000?key=localhost.key&cert=localhost.crt'
=> Booting Puma
=> Rails 6.1.4.1 application starting in development
=> Run `bin/rails server --help` for more startup options
*** SIGUSR2 not implemented, signal based restart unavailable!
*** SIGUSR1 not implemented, signal based restart unavailable!
*** SIGHUP not implemented, signal based logs reopening unavailable!
Puma starting in single mode...
* Puma version: 5.5.2 (ruby 3.0.2-p107) ("Zawgyi")
*  Min threads: 5
*  Max threads: 5
*  Environment: development
*          PID: 5608
* Listening on ssl://[::1]:3000?key=localhost.key&cert=localhost.crt
* Listening on ssl://127.0.0.1:3000?key=localhost.key&cert=localhost.crt
Use Ctrl-C to stop
Started GET "/" for ::1 at 2021-11-14 18:49:27 +0530
   (1.2ms)  SELECT sqlite_version(*)
Processing by Rails::WelcomeController#index as HTML
  Rendering C:/Ruby30-x64/lib/ruby/gems/3.0.0/gems/railties-6.1.4.1/lib/rails/templates/rails/welcome/index.html.erb
  Rendered C:/Ruby30-x64/lib/ruby/gems/3.0.0/gems/railties-6.1.4.1/lib/rails/templates/rails/welcome/index.html.erb (Duration: 9.9ms | Allocations: 493)
Completed 200 OK in 30ms (Views: 13.9ms | ActiveRecord: 0.0ms | Allocations: 3646)


- Gracefully stopping, waiting for requests to finish
=== puma shutdown: 2021-11-14 18:50:12 +0530 ===
- Goodbye!
Exiting